<?xml version="1.0" encoding="UTF-8"?>
<!-- Generated by org.testng.reporters.JUnitXMLReporter -->
<testsuite hostname="AKSHAY-R" ignored="0" name="Default test" tests="4" failures="0" timestamp="17 Jan 2017 04:27:18 GMT" time="74.231" errors="0">
  <testcase name="loginTest" time="37.976" classname="MavenTest.GmailMaven.TestLogin"/>
  <testcase name="searchTest" time="5.061" classname="MavenTest.GmailMaven.TestSearchMail"/>
  <testcase name="draftTest" time="9.408" classname="MavenTest.GmailMaven.TestDraftMail"/>
  <testcase name="starTest" time="21.745" classname="MavenTest.GmailMaven.TestStarMail"/>
</testsuite> <!-- Default test -->
